2023-10-25 20:33:34 - [INFO] - {{EXTRACTING FILES}} Extracting compressed files in: /home/bignixon/unic-cass/caravel_tutorial/caravel_user_project
2023-10-25 20:33:34 - [INFO] - {{Project Type Info}} digital
2023-10-25 20:33:34 - [INFO] - {{Project GDS Info}} user_project_wrapper: 13f825d2d41b2c1cb001e6930f809f03c3de930d
2023-10-25 20:33:35 - [INFO] - {{Tools Info}} KLayout: v0.28.5 | Magic: v8.3.420
2023-10-25 20:33:35 - [INFO] - {{PDKs Info}} SKY130A: f70d8ca46961ff92719d8870a18a076370b85f6c | Open PDKs: e6f9c8876da77220403014b116761b0b2d79aab4
2023-10-25 20:33:35 - [INFO] - {{START}} Precheck Started, the full log 'precheck.log' will be located in '/home/bignixon/unic-cass/caravel_tutorial/caravel_user_project/precheck_results/25_OCT_2023___20_33_34/logs'
2023-10-25 20:33:35 - [INFO] - {{PRECHECK SEQUENCE}} Precheck will run the following checks: [License, Makefile, Default, Documentation, Consistency, GPIO-Defines, XOR, Magic DRC, Klayout FEOL, Klayout BEOL, Klayout Offgrid, Klayout Metal Minimum Clear Area Density, Klayout Pin Label Purposes Overlapping Drawing, Klayout ZeroArea]
2023-10-25 20:33:35 - [INFO] - {{STEP UPDATE}} Executing Check 1 of 14: License
2023-10-25 20:33:37 - [INFO] - An approved LICENSE (Apache-2.0) was found in /home/bignixon/unic-cass/caravel_tutorial/caravel_user_project.
2023-10-25 20:33:37 - [INFO] - {{MAIN LICENSE CHECK PASSED}} An approved LICENSE was found in project root.
2023-10-25 20:33:38 - [INFO] - An approved LICENSE (Apache-2.0) was found in /home/bignixon/unic-cass/caravel_tutorial/caravel_user_project.
2023-10-25 20:33:40 - [INFO] - An approved LICENSE (Apache-2.0) was found in /home/bignixon/unic-cass/caravel_tutorial/caravel_user_project.
2023-10-25 20:33:42 - [INFO] - An approved LICENSE (Apache-2.0) was found in /home/bignixon/unic-cass/caravel_tutorial/caravel_user_project.
2023-10-25 20:33:43 - [INFO] - An approved LICENSE (Apache-2.0) was found in /home/bignixon/unic-cass/caravel_tutorial/caravel_user_project.
2023-10-25 20:33:43 - [INFO] - {{SUBMODULES LICENSE CHECK PASSED}} No prohibited LICENSE file(s) was found in project submodules
2023-10-25 20:33:43 - [ERROR] - SPDX COMPLIANCE FILE UNICODE DECODE EXCEPTION in (/home/bignixon/unic-cass/caravel_tutorial/caravel_user_project/verilog.zip): 'utf-8' codec can't decode byte 0xa2 in position 10: invalid start byte
2023-10-25 20:33:43 - [ERROR] - SPDX COMPLIANCE FILE UNICODE DECODE EXCEPTION in (/home/bignixon/unic-cass/caravel_tutorial/caravel_user_project/venv/lib/python3.10/site-packages/charset_normalizer/md.cpython-310-x86_64-linux-gnu.so): 'utf-8' codec can't decode byte 0x90 in position 24: invalid start byte
2023-10-25 20:33:43 - [ERROR] - SPDX COMPLIANCE FILE UNICODE DECODE EXCEPTION in (/home/bignixon/unic-cass/caravel_tutorial/caravel_user_project/venv/lib/python3.10/site-packages/charset_normalizer/md__mypyc.cpython-310-x86_64-linux-gnu.so): 'utf-8' codec can't decode byte 0xe2 in position 25: invalid continuation byte
2023-10-25 20:33:43 - [ERROR] - SPDX COMPLIANCE FILE UNICODE DECODE EXCEPTION in (/home/bignixon/unic-cass/caravel_tutorial/caravel_user_project/venv/lib/python3.10/site-packages/zstandard/backend_c.cpython-310-x86_64-linux-gnu.so): 'utf-8' codec can't decode byte 0xac in position 42: invalid start byte
2023-10-25 20:33:43 - [ERROR] - SPDX COMPLIANCE FILE UNICODE DECODE EXCEPTION in (/home/bignixon/unic-cass/caravel_tutorial/caravel_user_project/venv/lib/python3.10/site-packages/pip/_vendor/distlib/w64-arm.exe): 'utf-8' codec can't decode byte 0x90 in position 2: invalid start byte
2023-10-25 20:33:43 - [ERROR] - SPDX COMPLIANCE FILE UNICODE DECODE EXCEPTION in (/home/bignixon/unic-cass/caravel_tutorial/caravel_user_project/venv/lib/python3.10/site-packages/pip/_vendor/distlib/w64.exe): 'utf-8' codec can't decode byte 0x90 in position 2: invalid start byte
2023-10-25 20:33:43 - [ERROR] - SPDX COMPLIANCE FILE UNICODE DECODE EXCEPTION in (/home/bignixon/unic-cass/caravel_tutorial/caravel_user_project/venv/lib/python3.10/site-packages/pip/_vendor/distlib/w32.exe): 'utf-8' codec can't decode byte 0x90 in position 2: invalid start byte
2023-10-25 20:33:43 - [ERROR] - SPDX COMPLIANCE FILE UNICODE DECODE EXCEPTION in (/home/bignixon/unic-cass/caravel_tutorial/caravel_user_project/venv/lib/python3.10/site-packages/pip/_vendor/distlib/t64-arm.exe): 'utf-8' codec can't decode byte 0x90 in position 2: invalid start byte
2023-10-25 20:33:43 - [ERROR] - SPDX COMPLIANCE FILE UNICODE DECODE EXCEPTION in (/home/bignixon/unic-cass/caravel_tutorial/caravel_user_project/venv/lib/python3.10/site-packages/pip/_vendor/distlib/t64.exe): 'utf-8' codec can't decode byte 0x90 in position 2: invalid start byte
2023-10-25 20:33:43 - [ERROR] - SPDX COMPLIANCE FILE UNICODE DECODE EXCEPTION in (/home/bignixon/unic-cass/caravel_tutorial/caravel_user_project/venv/lib/python3.10/site-packages/pip/_vendor/distlib/t32.exe): 'utf-8' codec can't decode byte 0x90 in position 2: invalid start byte
2023-10-25 20:33:43 - [ERROR] - SPDX COMPLIANCE FILE UNICODE DECODE EXCEPTION in (/home/bignixon/unic-cass/caravel_tutorial/caravel_user_project/venv/lib/python3.10/site-packages/setuptools/gui-arm64.exe): 'utf-8' codec can't decode byte 0x90 in position 2: invalid start byte
2023-10-25 20:33:43 - [ERROR] - SPDX COMPLIANCE FILE UNICODE DECODE EXCEPTION in (/home/bignixon/unic-cass/caravel_tutorial/caravel_user_project/venv/lib/python3.10/site-packages/setuptools/gui-64.exe): 'utf-8' codec can't decode byte 0x90 in position 2: invalid start byte
2023-10-25 20:33:43 - [ERROR] - SPDX COMPLIANCE FILE UNICODE DECODE EXCEPTION in (/home/bignixon/unic-cass/caravel_tutorial/caravel_user_project/venv/lib/python3.10/site-packages/setuptools/cli-64.exe): 'utf-8' codec can't decode byte 0x90 in position 2: invalid start byte
2023-10-25 20:33:43 - [ERROR] - SPDX COMPLIANCE FILE UNICODE DECODE EXCEPTION in (/home/bignixon/unic-cass/caravel_tutorial/caravel_user_project/venv/lib/python3.10/site-packages/setuptools/cli.exe): 'utf-8' codec can't decode byte 0x90 in position 2: invalid start byte
2023-10-25 20:33:43 - [ERROR] - SPDX COMPLIANCE FILE UNICODE DECODE EXCEPTION in (/home/bignixon/unic-cass/caravel_tutorial/caravel_user_project/venv/lib/python3.10/site-packages/setuptools/cli-arm64.exe): 'utf-8' codec can't decode byte 0x90 in position 2: invalid start byte
2023-10-25 20:33:43 - [ERROR] - SPDX COMPLIANCE FILE UNICODE DECODE EXCEPTION in (/home/bignixon/unic-cass/caravel_tutorial/caravel_user_project/venv/lib/python3.10/site-packages/setuptools/gui.exe): 'utf-8' codec can't decode byte 0x90 in position 2: invalid start byte
2023-10-25 20:33:43 - [ERROR] - SPDX COMPLIANCE FILE UNICODE DECODE EXCEPTION in (/home/bignixon/unic-cass/caravel_tutorial/caravel_user_project/venv/lib/python3.10/site-packages/setuptools/gui-32.exe): 'utf-8' codec can't decode byte 0x90 in position 2: invalid start byte
2023-10-25 20:33:43 - [ERROR] - SPDX COMPLIANCE FILE UNICODE DECODE EXCEPTION in (/home/bignixon/unic-cass/caravel_tutorial/caravel_user_project/venv/lib/python3.10/site-packages/setuptools/cli-32.exe): 'utf-8' codec can't decode byte 0x90 in position 2: invalid start byte
2023-10-25 20:33:44 - [ERROR] - SPDX COMPLIANCE FILE UNICODE DECODE EXCEPTION in (/home/bignixon/unic-cass/caravel_tutorial/caravel_user_project/venv/lib/python3.10/site-packages/yaml/_yaml.cpython-310-x86_64-linux-gnu.so): 'utf-8' codec can't decode byte 0x90 in position 24: invalid start byte
2023-10-25 20:33:44 - [ERROR] - SPDX COMPLIANCE FILE UNICODE DECODE EXCEPTION in (/home/bignixon/unic-cass/caravel_tutorial/caravel_user_project/venv/bin/python3): 'utf-8' codec can't decode byte 0xf8 in position 96: invalid start byte
2023-10-25 20:33:44 - [ERROR] - SPDX COMPLIANCE FILE UNICODE DECODE EXCEPTION in (/home/bignixon/unic-cass/caravel_tutorial/caravel_user_project/venv/bin/python3.10): 'utf-8' codec can't decode byte 0xf8 in position 96: invalid start byte
2023-10-25 20:33:44 - [ERROR] - SPDX COMPLIANCE FILE UNICODE DECODE EXCEPTION in (/home/bignixon/unic-cass/caravel_tutorial/caravel_user_project/venv/bin/python): 'utf-8' codec can't decode byte 0xf8 in position 96: invalid start byte
2023-10-25 20:34:30 - [ERROR] - SPDX COMPLIANCE FILE UNICODE DECODE EXCEPTION in (/home/bignixon/unic-cass/caravel_tutorial/caravel_user_project/mgmt_core_wrapper/lvs/examples/utils/vlog2Spice): 'utf-8' codec can't decode byte 0xf8 in position 96: invalid start byte
2023-10-25 20:34:30 - [ERROR] - SPDX COMPLIANCE FILE UNICODE DECODE EXCEPTION in (/home/bignixon/unic-cass/caravel_tutorial/caravel_user_project/mgmt_core_wrapper/lvs/utils/vlog2Spice): 'utf-8' codec can't decode byte 0xf8 in position 96: invalid start byte
2023-10-25 20:34:30 - [ERROR] - SPDX COMPLIANCE FILE UNICODE DECODE EXCEPTION in (/home/bignixon/unic-cass/caravel_tutorial/caravel_user_project/mgmt_core_wrapper/verilog/rtl/ibex/sv-source-orig/sv2v): 'utf-8' codec can't decode byte 0xcf in position 0: invalid continuation byte
2023-10-25 20:34:31 - [ERROR] - SPDX COMPLIANCE FILE UNICODE DECODE EXCEPTION in (/home/bignixon/unic-cass/caravel_tutorial/caravel_user_project/mgmt_core_wrapper/verilog/dv/tests-standalone/spi_master/spi_master.vcd.hier): 'utf-8' codec can't decode byte 0xfc in position 0: invalid start byte
2023-10-25 20:34:31 - [ERROR] - SPDX COMPLIANCE FILE UNICODE DECODE EXCEPTION in (/home/bignixon/unic-cass/caravel_tutorial/caravel_user_project/openlane/user_project_wrapper/runs/23_10_23_16_52/results/routing/user_project_wrapper.odb): 'utf-8' codec can't decode byte 0xba in position 16: invalid start byte
2023-10-25 20:34:32 - [ERROR] - SPDX COMPLIANCE FILE UNICODE DECODE EXCEPTION in (/home/bignixon/unic-cass/caravel_tutorial/caravel_user_project/openlane/user_project_wrapper/runs/23_10_23_16_52/results/placement/user_project_wrapper.odb): 'utf-8' codec can't decode byte 0xba in position 16: invalid start byte
2023-10-25 20:34:32 - [ERROR] - SPDX COMPLIANCE FILE UNICODE DECODE EXCEPTION in (/home/bignixon/unic-cass/caravel_tutorial/caravel_user_project/openlane/user_project_wrapper/runs/23_10_23_16_52/tmp/9-user_project_wrapper.odb): 'utf-8' codec can't decode byte 0xba in position 16: invalid start byte
2023-10-25 20:34:32 - [ERROR] - SPDX COMPLIANCE FILE UNICODE DECODE EXCEPTION in (/home/bignixon/unic-cass/caravel_tutorial/caravel_user_project/openlane/user_project_wrapper/runs/23_10_23_16_52/tmp/floorplan/3-initial_fp.odb): 'utf-8' codec can't decode byte 0xba in position 16: invalid start byte
2023-10-25 20:34:32 - [ERROR] - SPDX COMPLIANCE FILE UNICODE DECODE EXCEPTION in (/home/bignixon/unic-cass/caravel_tutorial/caravel_user_project/openlane/user_project_wrapper/runs/23_10_23_16_52/tmp/floorplan/4-io.odb): 'utf-8' codec can't decode byte 0xba in position 16: invalid start byte
2023-10-25 20:34:32 - [ERROR] - SPDX COMPLIANCE FILE UNICODE DECODE EXCEPTION in (/home/bignixon/unic-cass/caravel_tutorial/caravel_user_project/openlane/user_project_wrapper/runs/23_10_23_16_52/tmp/floorplan/6-pdn.odb): 'utf-8' codec can't decode byte 0xba in position 16: invalid start byte
2023-10-25 20:34:32 - [ERROR] - SPDX COMPLIANCE FILE UNICODE DECODE EXCEPTION in (/home/bignixon/unic-cass/caravel_tutorial/caravel_user_project/openlane/user_project_wrapper/runs/23_10_23_16_52/tmp/floorplan/4-io.macro_placement.odb): 'utf-8' codec can't decode byte 0xba in position 16: invalid start byte
2023-10-25 20:34:32 - [ERROR] - SPDX COMPLIANCE FILE UNICODE DECODE EXCEPTION in (/home/bignixon/unic-cass/caravel_tutorial/caravel_user_project/openlane/user_project_wrapper/runs/23_10_23_16_52/tmp/routing/11-global.odb): 'utf-8' codec can't decode byte 0xba in position 16: invalid start byte
2023-10-25 20:34:32 - [ERROR] - SPDX COMPLIANCE FILE UNICODE DECODE EXCEPTION in (/home/bignixon/unic-cass/caravel_tutorial/caravel_user_project/openlane/user_project_wrapper/runs/23_10_23_16_52/tmp/routing/diode.odb): 'utf-8' codec can't decode byte 0xba in position 16: invalid start byte
2023-10-25 20:34:32 - [ERROR] - SPDX COMPLIANCE FILE UNICODE DECODE EXCEPTION in (/home/bignixon/unic-cass/caravel_tutorial/caravel_user_project/openlane/user_project_wrapper/runs/23_10_23_16_52/tmp/placement/7-global.odb): 'utf-8' codec can't decode byte 0xba in position 16: invalid start byte
2023-10-25 20:34:33 - [ERROR] - SPDX COMPLIANCE FILE UNICODE DECODE EXCEPTION in (/home/bignixon/unic-cass/caravel_tutorial/caravel_user_project/openlane/user_project_wrapper/runs/23_10_19_16_29/results/routing/user_project_wrapper.odb): 'utf-8' codec can't decode byte 0xba in position 16: invalid start byte
2023-10-25 20:34:33 - [ERROR] - SPDX COMPLIANCE FILE UNICODE DECODE EXCEPTION in (/home/bignixon/unic-cass/caravel_tutorial/caravel_user_project/openlane/user_project_wrapper/runs/23_10_19_16_29/results/placement/user_project_wrapper.odb): 'utf-8' codec can't decode byte 0xba in position 16: invalid start byte
2023-10-25 20:34:33 - [ERROR] - SPDX COMPLIANCE FILE UNICODE DECODE EXCEPTION in (/home/bignixon/unic-cass/caravel_tutorial/caravel_user_project/openlane/user_project_wrapper/runs/23_10_19_16_29/tmp/9-user_project_wrapper.odb): 'utf-8' codec can't decode byte 0xba in position 16: invalid start byte
2023-10-25 20:34:33 - [ERROR] - SPDX COMPLIANCE FILE UNICODE DECODE EXCEPTION in (/home/bignixon/unic-cass/caravel_tutorial/caravel_user_project/openlane/user_project_wrapper/runs/23_10_19_16_29/tmp/floorplan/3-initial_fp.odb): 'utf-8' codec can't decode byte 0xba in position 16: invalid start byte
2023-10-25 20:34:33 - [ERROR] - SPDX COMPLIANCE FILE UNICODE DECODE EXCEPTION in (/home/bignixon/unic-cass/caravel_tutorial/caravel_user_project/openlane/user_project_wrapper/runs/23_10_19_16_29/tmp/floorplan/4-io.odb): 'utf-8' codec can't decode byte 0xba in position 16: invalid start byte
2023-10-25 20:34:33 - [ERROR] - SPDX COMPLIANCE FILE UNICODE DECODE EXCEPTION in (/home/bignixon/unic-cass/caravel_tutorial/caravel_user_project/openlane/user_project_wrapper/runs/23_10_19_16_29/tmp/floorplan/6-pdn.odb): 'utf-8' codec can't decode byte 0xba in position 16: invalid start byte
2023-10-25 20:34:33 - [ERROR] - SPDX COMPLIANCE FILE UNICODE DECODE EXCEPTION in (/home/bignixon/unic-cass/caravel_tutorial/caravel_user_project/openlane/user_project_wrapper/runs/23_10_19_16_29/tmp/floorplan/4-io.macro_placement.odb): 'utf-8' codec can't decode byte 0xba in position 16: invalid start byte
2023-10-25 20:34:33 - [ERROR] - SPDX COMPLIANCE FILE UNICODE DECODE EXCEPTION in (/home/bignixon/unic-cass/caravel_tutorial/caravel_user_project/openlane/user_project_wrapper/runs/23_10_19_16_29/tmp/routing/11-global.odb): 'utf-8' codec can't decode byte 0xba in position 16: invalid start byte
2023-10-25 20:34:33 - [ERROR] - SPDX COMPLIANCE FILE UNICODE DECODE EXCEPTION in (/home/bignixon/unic-cass/caravel_tutorial/caravel_user_project/openlane/user_project_wrapper/runs/23_10_19_16_29/tmp/routing/diode.odb): 'utf-8' codec can't decode byte 0xba in position 16: invalid start byte
2023-10-25 20:34:33 - [ERROR] - SPDX COMPLIANCE FILE UNICODE DECODE EXCEPTION in (/home/bignixon/unic-cass/caravel_tutorial/caravel_user_project/openlane/user_project_wrapper/runs/23_10_19_16_29/tmp/placement/7-global.odb): 'utf-8' codec can't decode byte 0xba in position 16: invalid start byte
2023-10-25 20:34:35 - [ERROR] - SPDX COMPLIANCE FILE UNICODE DECODE EXCEPTION in (/home/bignixon/unic-cass/caravel_tutorial/caravel_user_project/openlane/user_project_wrapper/runs/23_10_25_17_00/results/routing/user_project_wrapper.odb): 'utf-8' codec can't decode byte 0xba in position 16: invalid start byte
2023-10-25 20:34:35 - [ERROR] - SPDX COMPLIANCE FILE UNICODE DECODE EXCEPTION in (/home/bignixon/unic-cass/caravel_tutorial/caravel_user_project/openlane/user_project_wrapper/runs/23_10_25_17_00/results/placement/user_project_wrapper.odb): 'utf-8' codec can't decode byte 0xba in position 16: invalid start byte
2023-10-25 20:34:35 - [ERROR] - SPDX COMPLIANCE FILE UNICODE DECODE EXCEPTION in (/home/bignixon/unic-cass/caravel_tutorial/caravel_user_project/openlane/user_project_wrapper/runs/23_10_25_17_00/tmp/9-user_project_wrapper.odb): 'utf-8' codec can't decode byte 0xba in position 16: invalid start byte
2023-10-25 20:34:35 - [ERROR] - SPDX COMPLIANCE FILE UNICODE DECODE EXCEPTION in (/home/bignixon/unic-cass/caravel_tutorial/caravel_user_project/openlane/user_project_wrapper/runs/23_10_25_17_00/tmp/floorplan/3-initial_fp.odb): 'utf-8' codec can't decode byte 0xba in position 16: invalid start byte
2023-10-25 20:34:35 - [ERROR] - SPDX COMPLIANCE FILE UNICODE DECODE EXCEPTION in (/home/bignixon/unic-cass/caravel_tutorial/caravel_user_project/openlane/user_project_wrapper/runs/23_10_25_17_00/tmp/floorplan/4-io.odb): 'utf-8' codec can't decode byte 0xba in position 16: invalid start byte
2023-10-25 20:34:35 - [ERROR] - SPDX COMPLIANCE FILE UNICODE DECODE EXCEPTION in (/home/bignixon/unic-cass/caravel_tutorial/caravel_user_project/openlane/user_project_wrapper/runs/23_10_25_17_00/tmp/floorplan/6-pdn.odb): 'utf-8' codec can't decode byte 0xba in position 16: invalid start byte
2023-10-25 20:34:35 - [ERROR] - SPDX COMPLIANCE FILE UNICODE DECODE EXCEPTION in (/home/bignixon/unic-cass/caravel_tutorial/caravel_user_project/openlane/user_project_wrapper/runs/23_10_25_17_00/tmp/floorplan/4-io.macro_placement.odb): 'utf-8' codec can't decode byte 0xba in position 16: invalid start byte
2023-10-25 20:34:35 - [ERROR] - SPDX COMPLIANCE FILE UNICODE DECODE EXCEPTION in (/home/bignixon/unic-cass/caravel_tutorial/caravel_user_project/openlane/user_project_wrapper/runs/23_10_25_17_00/tmp/routing/11-global.odb): 'utf-8' codec can't decode byte 0xba in position 16: invalid start byte
2023-10-25 20:34:35 - [ERROR] - SPDX COMPLIANCE FILE UNICODE DECODE EXCEPTION in (/home/bignixon/unic-cass/caravel_tutorial/caravel_user_project/openlane/user_project_wrapper/runs/23_10_25_17_00/tmp/routing/diode.odb): 'utf-8' codec can't decode byte 0xba in position 16: invalid start byte
2023-10-25 20:34:35 - [ERROR] - SPDX COMPLIANCE FILE UNICODE DECODE EXCEPTION in (/home/bignixon/unic-cass/caravel_tutorial/caravel_user_project/openlane/user_project_wrapper/runs/23_10_25_17_00/tmp/placement/7-global.odb): 'utf-8' codec can't decode byte 0xba in position 16: invalid start byte
2023-10-25 20:34:38 - [ERROR] - SPDX COMPLIANCE FILE UNICODE DECODE EXCEPTION in (/home/bignixon/unic-cass/caravel_tutorial/caravel_user_project/openlane/user_project_wrapper/runs/23_10_23_16_24/results/routing/user_project_wrapper.odb): 'utf-8' codec can't decode byte 0xba in position 16: invalid start byte
2023-10-25 20:34:38 - [ERROR] - SPDX COMPLIANCE FILE UNICODE DECODE EXCEPTION in (/home/bignixon/unic-cass/caravel_tutorial/caravel_user_project/openlane/user_project_wrapper/runs/23_10_23_16_24/results/placement/user_project_wrapper.odb): 'utf-8' codec can't decode byte 0xba in position 16: invalid start byte
2023-10-25 20:34:38 - [ERROR] - SPDX COMPLIANCE FILE UNICODE DECODE EXCEPTION in (/home/bignixon/unic-cass/caravel_tutorial/caravel_user_project/openlane/user_project_wrapper/runs/23_10_23_16_24/tmp/9-user_project_wrapper.odb): 'utf-8' codec can't decode byte 0xba in position 16: invalid start byte
2023-10-25 20:34:38 - [ERROR] - SPDX COMPLIANCE FILE UNICODE DECODE EXCEPTION in (/home/bignixon/unic-cass/caravel_tutorial/caravel_user_project/openlane/user_project_wrapper/runs/23_10_23_16_24/tmp/floorplan/3-initial_fp.odb): 'utf-8' codec can't decode byte 0xba in position 16: invalid start byte
2023-10-25 20:34:38 - [ERROR] - SPDX COMPLIANCE FILE UNICODE DECODE EXCEPTION in (/home/bignixon/unic-cass/caravel_tutorial/caravel_user_project/openlane/user_project_wrapper/runs/23_10_23_16_24/tmp/floorplan/4-io.odb): 'utf-8' codec can't decode byte 0xba in position 16: invalid start byte
2023-10-25 20:34:38 - [ERROR] - SPDX COMPLIANCE FILE UNICODE DECODE EXCEPTION in (/home/bignixon/unic-cass/caravel_tutorial/caravel_user_project/openlane/user_project_wrapper/runs/23_10_23_16_24/tmp/floorplan/6-pdn.odb): 'utf-8' codec can't decode byte 0xba in position 16: invalid start byte
2023-10-25 20:34:38 - [ERROR] - SPDX COMPLIANCE FILE UNICODE DECODE EXCEPTION in (/home/bignixon/unic-cass/caravel_tutorial/caravel_user_project/openlane/user_project_wrapper/runs/23_10_23_16_24/tmp/floorplan/4-io.macro_placement.odb): 'utf-8' codec can't decode byte 0xba in position 16: invalid start byte
2023-10-25 20:34:38 - [ERROR] - SPDX COMPLIANCE FILE UNICODE DECODE EXCEPTION in (/home/bignixon/unic-cass/caravel_tutorial/caravel_user_project/openlane/user_project_wrapper/runs/23_10_23_16_24/tmp/routing/11-global.odb): 'utf-8' codec can't decode byte 0xba in position 16: invalid start byte
2023-10-25 20:34:38 - [ERROR] - SPDX COMPLIANCE FILE UNICODE DECODE EXCEPTION in (/home/bignixon/unic-cass/caravel_tutorial/caravel_user_project/openlane/user_project_wrapper/runs/23_10_23_16_24/tmp/routing/diode.odb): 'utf-8' codec can't decode byte 0xba in position 16: invalid start byte
2023-10-25 20:34:38 - [ERROR] - SPDX COMPLIANCE FILE UNICODE DECODE EXCEPTION in (/home/bignixon/unic-cass/caravel_tutorial/caravel_user_project/openlane/user_project_wrapper/runs/23_10_23_16_24/tmp/placement/7-global.odb): 'utf-8' codec can't decode byte 0xba in position 16: invalid start byte
2023-10-25 20:34:41 - [ERROR] - SPDX COMPLIANCE FILE UNICODE DECODE EXCEPTION in (/home/bignixon/unic-cass/caravel_tutorial/caravel_user_project/openlane/wb_buttons_leds/runs/23_10_19_15_54/results/floorplan/wb_buttons_leds.odb): 'utf-8' codec can't decode byte 0xb9 in position 16: invalid start byte
2023-10-25 20:34:43 - [ERROR] - SPDX COMPLIANCE FILE UNICODE DECODE EXCEPTION in (/home/bignixon/unic-cass/caravel_tutorial/caravel_user_project/openlane/wb_buttons_leds/runs/23_10_19_15_54/results/routing/wb_buttons_leds.odb): 'utf-8' codec can't decode byte 0xb9 in position 16: invalid start byte
2023-10-25 20:34:44 - [ERROR] - SPDX COMPLIANCE FILE UNICODE DECODE EXCEPTION in (/home/bignixon/unic-cass/caravel_tutorial/caravel_user_project/openlane/wb_buttons_leds/runs/23_10_19_15_54/results/cts/wb_buttons_leds.odb): 'utf-8' codec can't decode byte 0xb9 in position 16: invalid start byte
2023-10-25 20:34:44 - [ERROR] - SPDX COMPLIANCE FILE UNICODE DECODE EXCEPTION in (/home/bignixon/unic-cass/caravel_tutorial/caravel_user_project/openlane/wb_buttons_leds/runs/23_10_19_15_54/results/placement/wb_buttons_leds.odb): 'utf-8' codec can't decode byte 0xb9 in position 16: invalid start byte
2023-10-25 20:34:44 - [ERROR] - SPDX COMPLIANCE FILE UNICODE DECODE EXCEPTION in (/home/bignixon/unic-cass/caravel_tutorial/caravel_user_project/openlane/wb_buttons_leds/runs/23_10_19_15_54/tmp/12-wb_buttons_leds.odb): 'utf-8' codec can't decode byte 0xb9 in position 16: invalid start byte
2023-10-25 20:34:44 - [ERROR] - SPDX COMPLIANCE FILE UNICODE DECODE EXCEPTION in (/home/bignixon/unic-cass/caravel_tutorial/caravel_user_project/openlane/wb_buttons_leds/runs/23_10_19_15_54/tmp/floorplan/3-initial_fp.odb): 'utf-8' codec can't decode byte 0xb9 in position 16: invalid start byte
2023-10-25 20:34:44 - [ERROR] - SPDX COMPLIANCE FILE UNICODE DECODE EXCEPTION in (/home/bignixon/unic-cass/caravel_tutorial/caravel_user_project/openlane/wb_buttons_leds/runs/23_10_19_15_54/tmp/floorplan/4-io.odb): 'utf-8' codec can't decode byte 0xb9 in position 16: invalid start byte
2023-10-25 20:34:44 - [ERROR] - SPDX COMPLIANCE FILE UNICODE DECODE EXCEPTION in (/home/bignixon/unic-cass/caravel_tutorial/caravel_user_project/openlane/wb_buttons_leds/runs/23_10_19_15_54/tmp/floorplan/6-pdn.odb): 'utf-8' codec can't decode byte 0xb9 in position 16: invalid start byte
2023-10-25 20:34:46 - [ERROR] - SPDX COMPLIANCE FILE UNICODE DECODE EXCEPTION in (/home/bignixon/unic-cass/caravel_tutorial/caravel_user_project/openlane/wb_buttons_leds/runs/23_10_19_15_54/tmp/routing/diode.odb): 'utf-8' codec can't decode byte 0xb9 in position 16: invalid start byte
2023-10-25 20:34:46 - [ERROR] - SPDX COMPLIANCE FILE UNICODE DECODE EXCEPTION in (/home/bignixon/unic-cass/caravel_tutorial/caravel_user_project/openlane/wb_buttons_leds/runs/23_10_19_15_54/tmp/routing/14-global.odb): 'utf-8' codec can't decode byte 0xb9 in position 16: invalid start byte
2023-10-25 20:34:46 - [ERROR] - SPDX COMPLIANCE FILE UNICODE DECODE EXCEPTION in (/home/bignixon/unic-cass/caravel_tutorial/caravel_user_project/openlane/wb_buttons_leds/runs/23_10_19_15_54/tmp/routing/16-fill.odb): 'utf-8' codec can't decode byte 0xb9 in position 16: invalid start byte
2023-10-25 20:34:46 - [ERROR] - SPDX COMPLIANCE FILE UNICODE DECODE EXCEPTION in (/home/bignixon/unic-cass/caravel_tutorial/caravel_user_project/openlane/wb_buttons_leds/runs/23_10_19_15_54/tmp/cts/11-wb_buttons_leds.resized.odb): 'utf-8' codec can't decode byte 0xb9 in position 16: invalid start byte
2023-10-25 20:34:46 - [ERROR] - SPDX COMPLIANCE FILE UNICODE DECODE EXCEPTION in (/home/bignixon/unic-cass/caravel_tutorial/caravel_user_project/openlane/wb_buttons_leds/runs/23_10_19_15_54/tmp/placement/7-global.odb): 'utf-8' codec can't decode byte 0xb9 in position 16: invalid start byte
2023-10-25 20:34:46 - [ERROR] - SPDX COMPLIANCE FILE UNICODE DECODE EXCEPTION in (/home/bignixon/unic-cass/caravel_tutorial/caravel_user_project/openlane/wb_buttons_leds/runs/23_10_19_15_54/tmp/placement/8-resizer.odb): 'utf-8' codec can't decode byte 0xb9 in position 16: invalid start byte
2023-10-25 20:34:47 - [ERROR] - SPDX COMPLIANCE FILE UNICODE DECODE EXCEPTION in (/home/bignixon/unic-cass/caravel_tutorial/caravel_user_project/openlane/user_proj_example/runs/23_10_16_15_12/results/floorplan/user_proj_example.odb): 'utf-8' codec can't decode byte 0xb9 in position 16: invalid start byte
2023-10-25 20:34:49 - [ERROR] - SPDX COMPLIANCE FILE UNICODE DECODE EXCEPTION in (/home/bignixon/unic-cass/caravel_tutorial/caravel_user_project/openlane/user_proj_example/runs/23_10_16_15_12/results/routing/user_proj_example.odb): 'utf-8' codec can't decode byte 0xb9 in position 16: invalid start byte
2023-10-25 20:34:52 - [ERROR] - SPDX COMPLIANCE FILE UNICODE DECODE EXCEPTION in (/home/bignixon/unic-cass/caravel_tutorial/caravel_user_project/openlane/user_proj_example/runs/23_10_16_15_12/results/cts/user_proj_example.odb): 'utf-8' codec can't decode byte 0xb9 in position 16: invalid start byte
2023-10-25 20:34:52 - [ERROR] - SPDX COMPLIANCE FILE UNICODE DECODE EXCEPTION in (/home/bignixon/unic-cass/caravel_tutorial/caravel_user_project/openlane/user_proj_example/runs/23_10_16_15_12/results/placement/user_proj_example.odb): 'utf-8' codec can't decode byte 0xb9 in position 16: invalid start byte
2023-10-25 20:34:52 - [ERROR] - SPDX COMPLIANCE FILE UNICODE DECODE EXCEPTION in (/home/bignixon/unic-cass/caravel_tutorial/caravel_user_project/openlane/user_proj_example/runs/23_10_16_15_12/tmp/12-user_proj_example.odb): 'utf-8' codec can't decode byte 0xb9 in position 16: invalid start byte
2023-10-25 20:34:52 - [ERROR] - SPDX COMPLIANCE FILE UNICODE DECODE EXCEPTION in (/home/bignixon/unic-cass/caravel_tutorial/caravel_user_project/openlane/user_proj_example/runs/23_10_16_15_12/tmp/floorplan/3-initial_fp.odb): 'utf-8' codec can't decode byte 0xb9 in position 16: invalid start byte
2023-10-25 20:34:52 - [ERROR] - SPDX COMPLIANCE FILE UNICODE DECODE EXCEPTION in (/home/bignixon/unic-cass/caravel_tutorial/caravel_user_project/openlane/user_proj_example/runs/23_10_16_15_12/tmp/floorplan/4-io.odb): 'utf-8' codec can't decode byte 0xb9 in position 16: invalid start byte
2023-10-25 20:34:52 - [ERROR] - SPDX COMPLIANCE FILE UNICODE DECODE EXCEPTION in (/home/bignixon/unic-cass/caravel_tutorial/caravel_user_project/openlane/user_proj_example/runs/23_10_16_15_12/tmp/floorplan/6-pdn.odb): 'utf-8' codec can't decode byte 0xb9 in position 16: invalid start byte
2023-10-25 20:34:54 - [ERROR] - SPDX COMPLIANCE FILE UNICODE DECODE EXCEPTION in (/home/bignixon/unic-cass/caravel_tutorial/caravel_user_project/openlane/user_proj_example/runs/23_10_16_15_12/tmp/routing/diode.odb): 'utf-8' codec can't decode byte 0xb9 in position 16: invalid start byte
2023-10-25 20:34:54 - [ERROR] - SPDX COMPLIANCE FILE UNICODE DECODE EXCEPTION in (/home/bignixon/unic-cass/caravel_tutorial/caravel_user_project/openlane/user_proj_example/runs/23_10_16_15_12/tmp/routing/14-global.odb): 'utf-8' codec can't decode byte 0xb9 in position 16: invalid start byte
2023-10-25 20:34:54 - [ERROR] - SPDX COMPLIANCE FILE UNICODE DECODE EXCEPTION in (/home/bignixon/unic-cass/caravel_tutorial/caravel_user_project/openlane/user_proj_example/runs/23_10_16_15_12/tmp/routing/16-fill.odb): 'utf-8' codec can't decode byte 0xb9 in position 16: invalid start byte
2023-10-25 20:34:54 - [ERROR] - SPDX COMPLIANCE FILE UNICODE DECODE EXCEPTION in (/home/bignixon/unic-cass/caravel_tutorial/caravel_user_project/openlane/user_proj_example/runs/23_10_16_15_12/tmp/cts/11-user_proj_example.resized.odb): 'utf-8' codec can't decode byte 0xb9 in position 16: invalid start byte
2023-10-25 20:34:54 - [ERROR] - SPDX COMPLIANCE FILE UNICODE DECODE EXCEPTION in (/home/bignixon/unic-cass/caravel_tutorial/caravel_user_project/openlane/user_proj_example/runs/23_10_16_15_12/tmp/placement/7-global.odb): 'utf-8' codec can't decode byte 0xb9 in position 16: invalid start byte
2023-10-25 20:34:54 - [ERROR] - SPDX COMPLIANCE FILE UNICODE DECODE EXCEPTION in (/home/bignixon/unic-cass/caravel_tutorial/caravel_user_project/openlane/user_proj_example/runs/23_10_16_15_12/tmp/placement/8-resizer.odb): 'utf-8' codec can't decode byte 0xb9 in position 16: invalid start byte
2023-10-25 20:35:01 - [ERROR] - SPDX COMPLIANCE FILE UNICODE DECODE EXCEPTION in (/home/bignixon/unic-cass/caravel_tutorial/caravel_user_project/openlane/user_proj_example/runs/23_10_23_16_07/issue_reproducible/tmp/cts/11-user_proj_example.resized.odb): 'utf-8' codec can't decode byte 0xb9 in position 16: invalid start byte
2023-10-25 20:35:02 - [ERROR] - SPDX COMPLIANCE FILE UNICODE DECODE EXCEPTION in (/home/bignixon/unic-cass/caravel_tutorial/caravel_user_project/openlane/user_proj_example/runs/23_10_23_16_07/results/floorplan/user_proj_example.odb): 'utf-8' codec can't decode byte 0xb9 in position 16: invalid start byte
2023-10-25 20:35:02 - [ERROR] - SPDX COMPLIANCE FILE UNICODE DECODE EXCEPTION in (/home/bignixon/unic-cass/caravel_tutorial/caravel_user_project/openlane/user_proj_example/runs/23_10_23_16_07/results/cts/user_proj_example.odb): 'utf-8' codec can't decode byte 0xb9 in position 16: invalid start byte
2023-10-25 20:35:02 - [ERROR] - SPDX COMPLIANCE FILE UNICODE DECODE EXCEPTION in (/home/bignixon/unic-cass/caravel_tutorial/caravel_user_project/openlane/user_proj_example/runs/23_10_23_16_07/results/placement/user_proj_example.odb): 'utf-8' codec can't decode byte 0xb9 in position 16: invalid start byte
2023-10-25 20:35:02 - [ERROR] - SPDX COMPLIANCE FILE UNICODE DECODE EXCEPTION in (/home/bignixon/unic-cass/caravel_tutorial/caravel_user_project/openlane/user_proj_example/runs/23_10_23_16_07/tmp/floorplan/3-initial_fp.odb): 'utf-8' codec can't decode byte 0xb9 in position 16: invalid start byte
2023-10-25 20:35:02 - [ERROR] - SPDX COMPLIANCE FILE UNICODE DECODE EXCEPTION in (/home/bignixon/unic-cass/caravel_tutorial/caravel_user_project/openlane/user_proj_example/runs/23_10_23_16_07/tmp/floorplan/4-io.odb): 'utf-8' codec can't decode byte 0xb9 in position 16: invalid start byte
2023-10-25 20:35:02 - [ERROR] - SPDX COMPLIANCE FILE UNICODE DECODE EXCEPTION in (/home/bignixon/unic-cass/caravel_tutorial/caravel_user_project/openlane/user_proj_example/runs/23_10_23_16_07/tmp/floorplan/6-pdn.odb): 'utf-8' codec can't decode byte 0xb9 in position 16: invalid start byte
2023-10-25 20:35:02 - [ERROR] - SPDX COMPLIANCE FILE UNICODE DECODE EXCEPTION in (/home/bignixon/unic-cass/caravel_tutorial/caravel_user_project/openlane/user_proj_example/runs/23_10_23_16_07/tmp/cts/11-user_proj_example.resized.odb): 'utf-8' codec can't decode byte 0xb9 in position 16: invalid start byte
2023-10-25 20:35:02 - [ERROR] - SPDX COMPLIANCE FILE UNICODE DECODE EXCEPTION in (/home/bignixon/unic-cass/caravel_tutorial/caravel_user_project/openlane/user_proj_example/runs/23_10_23_16_07/tmp/placement/7-global.odb): 'utf-8' codec can't decode byte 0xb9 in position 16: invalid start byte
2023-10-25 20:35:02 - [ERROR] - SPDX COMPLIANCE FILE UNICODE DECODE EXCEPTION in (/home/bignixon/unic-cass/caravel_tutorial/caravel_user_project/openlane/user_proj_example/runs/23_10_23_16_07/tmp/placement/8-resizer.odb): 'utf-8' codec can't decode byte 0xb9 in position 16: invalid start byte
2023-10-25 20:35:05 - [ERROR] - SPDX COMPLIANCE FILE UNICODE DECODE EXCEPTION in (/home/bignixon/unic-cass/caravel_tutorial/caravel_user_project/openlane/user_proj_example/runs/23_10_23_16_03/issue_reproducible/tmp/cts/11-user_proj_example.resized.odb): 'utf-8' codec can't decode byte 0xb9 in position 16: invalid start byte
2023-10-25 20:35:05 - [ERROR] - SPDX COMPLIANCE FILE UNICODE DECODE EXCEPTION in (/home/bignixon/unic-cass/caravel_tutorial/caravel_user_project/openlane/user_proj_example/runs/23_10_23_16_03/results/floorplan/user_proj_example.odb): 'utf-8' codec can't decode byte 0xb9 in position 16: invalid start byte
2023-10-25 20:35:05 - [ERROR] - SPDX COMPLIANCE FILE UNICODE DECODE EXCEPTION in (/home/bignixon/unic-cass/caravel_tutorial/caravel_user_project/openlane/user_proj_example/runs/23_10_23_16_03/results/cts/user_proj_example.odb): 'utf-8' codec can't decode byte 0xb9 in position 16: invalid start byte
2023-10-25 20:35:05 - [ERROR] - SPDX COMPLIANCE FILE UNICODE DECODE EXCEPTION in (/home/bignixon/unic-cass/caravel_tutorial/caravel_user_project/openlane/user_proj_example/runs/23_10_23_16_03/results/placement/user_proj_example.odb): 'utf-8' codec can't decode byte 0xb9 in position 16: invalid start byte
2023-10-25 20:35:05 - [ERROR] - SPDX COMPLIANCE FILE UNICODE DECODE EXCEPTION in (/home/bignixon/unic-cass/caravel_tutorial/caravel_user_project/openlane/user_proj_example/runs/23_10_23_16_03/tmp/floorplan/3-initial_fp.odb): 'utf-8' codec can't decode byte 0xb9 in position 16: invalid start byte
2023-10-25 20:35:05 - [ERROR] - SPDX COMPLIANCE FILE UNICODE DECODE EXCEPTION in (/home/bignixon/unic-cass/caravel_tutorial/caravel_user_project/openlane/user_proj_example/runs/23_10_23_16_03/tmp/floorplan/4-io.odb): 'utf-8' codec can't decode byte 0xb9 in position 16: invalid start byte
2023-10-25 20:35:05 - [ERROR] - SPDX COMPLIANCE FILE UNICODE DECODE EXCEPTION in (/home/bignixon/unic-cass/caravel_tutorial/caravel_user_project/openlane/user_proj_example/runs/23_10_23_16_03/tmp/floorplan/6-pdn.odb): 'utf-8' codec can't decode byte 0xb9 in position 16: invalid start byte
2023-10-25 20:35:05 - [ERROR] - SPDX COMPLIANCE FILE UNICODE DECODE EXCEPTION in (/home/bignixon/unic-cass/caravel_tutorial/caravel_user_project/openlane/user_proj_example/runs/23_10_23_16_03/tmp/cts/11-user_proj_example.resized.odb): 'utf-8' codec can't decode byte 0xb9 in position 16: invalid start byte
2023-10-25 20:35:06 - [ERROR] - SPDX COMPLIANCE FILE UNICODE DECODE EXCEPTION in (/home/bignixon/unic-cass/caravel_tutorial/caravel_user_project/openlane/user_proj_example/runs/23_10_23_16_03/tmp/placement/7-global.odb): 'utf-8' codec can't decode byte 0xb9 in position 16: invalid start byte
2023-10-25 20:35:06 - [ERROR] - SPDX COMPLIANCE FILE UNICODE DECODE EXCEPTION in (/home/bignixon/unic-cass/caravel_tutorial/caravel_user_project/openlane/user_proj_example/runs/23_10_23_16_03/tmp/placement/8-resizer.odb): 'utf-8' codec can't decode byte 0xb9 in position 16: invalid start byte
2023-10-25 20:35:09 - [ERROR] - SPDX COMPLIANCE FILE UNICODE DECODE EXCEPTION in (/home/bignixon/unic-cass/caravel_tutorial/caravel_user_project/openlane/user_proj_example/runs/23_10_23_15_32/issue_reproducible/tmp/cts/11-user_proj_example.resized.odb): 'utf-8' codec can't decode byte 0xb9 in position 16: invalid start byte
2023-10-25 20:35:09 - [ERROR] - SPDX COMPLIANCE FILE UNICODE DECODE EXCEPTION in (/home/bignixon/unic-cass/caravel_tutorial/caravel_user_project/openlane/user_proj_example/runs/23_10_23_15_32/results/floorplan/user_proj_example.odb): 'utf-8' codec can't decode byte 0xb9 in position 16: invalid start byte
2023-10-25 20:35:09 - [ERROR] - SPDX COMPLIANCE FILE UNICODE DECODE EXCEPTION in (/home/bignixon/unic-cass/caravel_tutorial/caravel_user_project/openlane/user_proj_example/runs/23_10_23_15_32/results/cts/user_proj_example.odb): 'utf-8' codec can't decode byte 0xb9 in position 16: invalid start byte
2023-10-25 20:35:10 - [ERROR] - SPDX COMPLIANCE FILE UNICODE DECODE EXCEPTION in (/home/bignixon/unic-cass/caravel_tutorial/caravel_user_project/openlane/user_proj_example/runs/23_10_23_15_32/results/placement/user_proj_example.odb): 'utf-8' codec can't decode byte 0xb9 in position 16: invalid start byte
2023-10-25 20:35:10 - [ERROR] - SPDX COMPLIANCE FILE UNICODE DECODE EXCEPTION in (/home/bignixon/unic-cass/caravel_tutorial/caravel_user_project/openlane/user_proj_example/runs/23_10_23_15_32/tmp/floorplan/3-initial_fp.odb): 'utf-8' codec can't decode byte 0xb9 in position 16: invalid start byte
2023-10-25 20:35:10 - [ERROR] - SPDX COMPLIANCE FILE UNICODE DECODE EXCEPTION in (/home/bignixon/unic-cass/caravel_tutorial/caravel_user_project/openlane/user_proj_example/runs/23_10_23_15_32/tmp/floorplan/4-io.odb): 'utf-8' codec can't decode byte 0xb9 in position 16: invalid start byte
2023-10-25 20:35:10 - [ERROR] - SPDX COMPLIANCE FILE UNICODE DECODE EXCEPTION in (/home/bignixon/unic-cass/caravel_tutorial/caravel_user_project/openlane/user_proj_example/runs/23_10_23_15_32/tmp/floorplan/6-pdn.odb): 'utf-8' codec can't decode byte 0xb9 in position 16: invalid start byte
2023-10-25 20:35:10 - [ERROR] - SPDX COMPLIANCE FILE UNICODE DECODE EXCEPTION in (/home/bignixon/unic-cass/caravel_tutorial/caravel_user_project/openlane/user_proj_example/runs/23_10_23_15_32/tmp/cts/11-user_proj_example.resized.odb): 'utf-8' codec can't decode byte 0xb9 in position 16: invalid start byte
2023-10-25 20:35:10 - [ERROR] - SPDX COMPLIANCE FILE UNICODE DECODE EXCEPTION in (/home/bignixon/unic-cass/caravel_tutorial/caravel_user_project/openlane/user_proj_example/runs/23_10_23_15_32/tmp/placement/7-global.odb): 'utf-8' codec can't decode byte 0xb9 in position 16: invalid start byte
2023-10-25 20:35:10 - [ERROR] - SPDX COMPLIANCE FILE UNICODE DECODE EXCEPTION in (/home/bignixon/unic-cass/caravel_tutorial/caravel_user_project/openlane/user_proj_example/runs/23_10_23_15_32/tmp/placement/8-resizer.odb): 'utf-8' codec can't decode byte 0xb9 in position 16: invalid start byte
2023-10-25 20:35:16 - [ERROR] - SPDX COMPLIANCE FILE UNICODE DECODE EXCEPTION in (/home/bignixon/unic-cass/caravel_tutorial/caravel_user_project/openlane/user_proj_example/runs/23_10_23_15_01/issue_reproducible/tmp/cts/11-user_proj_example.resized.odb): 'utf-8' codec can't decode byte 0xb9 in position 16: invalid start byte
2023-10-25 20:35:16 - [ERROR] - SPDX COMPLIANCE FILE UNICODE DECODE EXCEPTION in (/home/bignixon/unic-cass/caravel_tutorial/caravel_user_project/openlane/user_proj_example/runs/23_10_23_15_01/results/floorplan/user_proj_example.odb): 'utf-8' codec can't decode byte 0xb9 in position 16: invalid start byte
2023-10-25 20:35:16 - [ERROR] - SPDX COMPLIANCE FILE UNICODE DECODE EXCEPTION in (/home/bignixon/unic-cass/caravel_tutorial/caravel_user_project/openlane/user_proj_example/runs/23_10_23_15_01/results/cts/user_proj_example.odb): 'utf-8' codec can't decode byte 0xb9 in position 16: invalid start byte
2023-10-25 20:35:16 - [ERROR] - SPDX COMPLIANCE FILE UNICODE DECODE EXCEPTION in (/home/bignixon/unic-cass/caravel_tutorial/caravel_user_project/openlane/user_proj_example/runs/23_10_23_15_01/results/placement/user_proj_example.odb): 'utf-8' codec can't decode byte 0xb9 in position 16: invalid start byte
2023-10-25 20:35:17 - [ERROR] - SPDX COMPLIANCE FILE UNICODE DECODE EXCEPTION in (/home/bignixon/unic-cass/caravel_tutorial/caravel_user_project/openlane/user_proj_example/runs/23_10_23_15_01/tmp/floorplan/3-initial_fp.odb): 'utf-8' codec can't decode byte 0xb9 in position 16: invalid start byte
2023-10-25 20:35:17 - [ERROR] - SPDX COMPLIANCE FILE UNICODE DECODE EXCEPTION in (/home/bignixon/unic-cass/caravel_tutorial/caravel_user_project/openlane/user_proj_example/runs/23_10_23_15_01/tmp/floorplan/4-io.odb): 'utf-8' codec can't decode byte 0xb9 in position 16: invalid start byte
2023-10-25 20:35:17 - [ERROR] - SPDX COMPLIANCE FILE UNICODE DECODE EXCEPTION in (/home/bignixon/unic-cass/caravel_tutorial/caravel_user_project/openlane/user_proj_example/runs/23_10_23_15_01/tmp/floorplan/6-pdn.odb): 'utf-8' codec can't decode byte 0xb9 in position 16: invalid start byte
2023-10-25 20:35:17 - [ERROR] - SPDX COMPLIANCE FILE UNICODE DECODE EXCEPTION in (/home/bignixon/unic-cass/caravel_tutorial/caravel_user_project/openlane/user_proj_example/runs/23_10_23_15_01/tmp/cts/11-user_proj_example.resized.odb): 'utf-8' codec can't decode byte 0xb9 in position 16: invalid start byte
2023-10-25 20:35:17 - [ERROR] - SPDX COMPLIANCE FILE UNICODE DECODE EXCEPTION in (/home/bignixon/unic-cass/caravel_tutorial/caravel_user_project/openlane/user_proj_example/runs/23_10_23_15_01/tmp/placement/7-global.odb): 'utf-8' codec can't decode byte 0xb9 in position 16: invalid start byte
2023-10-25 20:35:17 - [ERROR] - SPDX COMPLIANCE FILE UNICODE DECODE EXCEPTION in (/home/bignixon/unic-cass/caravel_tutorial/caravel_user_project/openlane/user_proj_example/runs/23_10_23_15_01/tmp/placement/8-resizer.odb): 'utf-8' codec can't decode byte 0xb9 in position 16: invalid start byte
2023-10-25 20:35:19 - [ERROR] - SPDX COMPLIANCE FILE UNICODE DECODE EXCEPTION in (/home/bignixon/unic-cass/caravel_tutorial/caravel_user_project/openlane/user_proj_example/runs/23_10_23_15_44/issue_reproducible/tmp/cts/11-user_proj_example.resized.odb): 'utf-8' codec can't decode byte 0xb9 in position 16: invalid start byte
2023-10-25 20:35:20 - [ERROR] - SPDX COMPLIANCE FILE UNICODE DECODE EXCEPTION in (/home/bignixon/unic-cass/caravel_tutorial/caravel_user_project/openlane/user_proj_example/runs/23_10_23_15_44/results/floorplan/user_proj_example.odb): 'utf-8' codec can't decode byte 0xb9 in position 16: invalid start byte
2023-10-25 20:35:20 - [ERROR] - SPDX COMPLIANCE FILE UNICODE DECODE EXCEPTION in (/home/bignixon/unic-cass/caravel_tutorial/caravel_user_project/openlane/user_proj_example/runs/23_10_23_15_44/results/cts/user_proj_example.odb): 'utf-8' codec can't decode byte 0xb9 in position 16: invalid start byte
2023-10-25 20:35:20 - [ERROR] - SPDX COMPLIANCE FILE UNICODE DECODE EXCEPTION in (/home/bignixon/unic-cass/caravel_tutorial/caravel_user_project/openlane/user_proj_example/runs/23_10_23_15_44/results/placement/user_proj_example.odb): 'utf-8' codec can't decode byte 0xb9 in position 16: invalid start byte
2023-10-25 20:35:20 - [ERROR] - SPDX COMPLIANCE FILE UNICODE DECODE EXCEPTION in (/home/bignixon/unic-cass/caravel_tutorial/caravel_user_project/openlane/user_proj_example/runs/23_10_23_15_44/tmp/floorplan/3-initial_fp.odb): 'utf-8' codec can't decode byte 0xb9 in position 16: invalid start byte
2023-10-25 20:35:20 - [ERROR] - SPDX COMPLIANCE FILE UNICODE DECODE EXCEPTION in (/home/bignixon/unic-cass/caravel_tutorial/caravel_user_project/openlane/user_proj_example/runs/23_10_23_15_44/tmp/floorplan/4-io.odb): 'utf-8' codec can't decode byte 0xb9 in position 16: invalid start byte
2023-10-25 20:35:20 - [ERROR] - SPDX COMPLIANCE FILE UNICODE DECODE EXCEPTION in (/home/bignixon/unic-cass/caravel_tutorial/caravel_user_project/openlane/user_proj_example/runs/23_10_23_15_44/tmp/floorplan/6-pdn.odb): 'utf-8' codec can't decode byte 0xb9 in position 16: invalid start byte
2023-10-25 20:35:20 - [ERROR] - SPDX COMPLIANCE FILE UNICODE DECODE EXCEPTION in (/home/bignixon/unic-cass/caravel_tutorial/caravel_user_project/openlane/user_proj_example/runs/23_10_23_15_44/tmp/cts/11-user_proj_example.resized.odb): 'utf-8' codec can't decode byte 0xb9 in position 16: invalid start byte
2023-10-25 20:35:20 - [ERROR] - SPDX COMPLIANCE FILE UNICODE DECODE EXCEPTION in (/home/bignixon/unic-cass/caravel_tutorial/caravel_user_project/openlane/user_proj_example/runs/23_10_23_15_44/tmp/placement/7-global.odb): 'utf-8' codec can't decode byte 0xb9 in position 16: invalid start byte
2023-10-25 20:35:20 - [ERROR] - SPDX COMPLIANCE FILE UNICODE DECODE EXCEPTION in (/home/bignixon/unic-cass/caravel_tutorial/caravel_user_project/openlane/user_proj_example/runs/23_10_23_15_44/tmp/placement/8-resizer.odb): 'utf-8' codec can't decode byte 0xb9 in position 16: invalid start byte
2023-10-25 20:35:23 - [ERROR] - SPDX COMPLIANCE FILE UNICODE DECODE EXCEPTION in (/home/bignixon/unic-cass/caravel_tutorial/caravel_user_project/openlane/user_proj_example/runs/23_10_23_15_10/issue_reproducible/tmp/cts/11-user_proj_example.resized.odb): 'utf-8' codec can't decode byte 0xb9 in position 16: invalid start byte
2023-10-25 20:35:23 - [ERROR] - SPDX COMPLIANCE FILE UNICODE DECODE EXCEPTION in (/home/bignixon/unic-cass/caravel_tutorial/caravel_user_project/openlane/user_proj_example/runs/23_10_23_15_10/results/floorplan/user_proj_example.odb): 'utf-8' codec can't decode byte 0xb9 in position 16: invalid start byte
2023-10-25 20:35:23 - [ERROR] - SPDX COMPLIANCE FILE UNICODE DECODE EXCEPTION in (/home/bignixon/unic-cass/caravel_tutorial/caravel_user_project/openlane/user_proj_example/runs/23_10_23_15_10/results/cts/user_proj_example.odb): 'utf-8' codec can't decode byte 0xb9 in position 16: invalid start byte
2023-10-25 20:35:23 - [ERROR] - SPDX COMPLIANCE FILE UNICODE DECODE EXCEPTION in (/home/bignixon/unic-cass/caravel_tutorial/caravel_user_project/openlane/user_proj_example/runs/23_10_23_15_10/results/placement/user_proj_example.odb): 'utf-8' codec can't decode byte 0xb9 in position 16: invalid start byte
2023-10-25 20:35:24 - [ERROR] - SPDX COMPLIANCE FILE UNICODE DECODE EXCEPTION in (/home/bignixon/unic-cass/caravel_tutorial/caravel_user_project/openlane/user_proj_example/runs/23_10_23_15_10/tmp/floorplan/3-initial_fp.odb): 'utf-8' codec can't decode byte 0xb9 in position 16: invalid start byte
2023-10-25 20:35:24 - [ERROR] - SPDX COMPLIANCE FILE UNICODE DECODE EXCEPTION in (/home/bignixon/unic-cass/caravel_tutorial/caravel_user_project/openlane/user_proj_example/runs/23_10_23_15_10/tmp/floorplan/4-io.odb): 'utf-8' codec can't decode byte 0xb9 in position 16: invalid start byte
2023-10-25 20:35:24 - [ERROR] - SPDX COMPLIANCE FILE UNICODE DECODE EXCEPTION in (/home/bignixon/unic-cass/caravel_tutorial/caravel_user_project/openlane/user_proj_example/runs/23_10_23_15_10/tmp/floorplan/6-pdn.odb): 'utf-8' codec can't decode byte 0xb9 in position 16: invalid start byte
2023-10-25 20:35:24 - [ERROR] - SPDX COMPLIANCE FILE UNICODE DECODE EXCEPTION in (/home/bignixon/unic-cass/caravel_tutorial/caravel_user_project/openlane/user_proj_example/runs/23_10_23_15_10/tmp/cts/11-user_proj_example.resized.odb): 'utf-8' codec can't decode byte 0xb9 in position 16: invalid start byte
2023-10-25 20:35:24 - [ERROR] - SPDX COMPLIANCE FILE UNICODE DECODE EXCEPTION in (/home/bignixon/unic-cass/caravel_tutorial/caravel_user_project/openlane/user_proj_example/runs/23_10_23_15_10/tmp/placement/7-global.odb): 'utf-8' codec can't decode byte 0xb9 in position 16: invalid start byte
2023-10-25 20:35:24 - [ERROR] - SPDX COMPLIANCE FILE UNICODE DECODE EXCEPTION in (/home/bignixon/unic-cass/caravel_tutorial/caravel_user_project/openlane/user_proj_example/runs/23_10_23_15_10/tmp/placement/8-resizer.odb): 'utf-8' codec can't decode byte 0xb9 in position 16: invalid start byte
2023-10-25 20:35:26 - [ERROR] - SPDX COMPLIANCE FILE UNICODE DECODE EXCEPTION in (/home/bignixon/unic-cass/caravel_tutorial/caravel_user_project/openlane/user_proj_example/runs/23_10_19_16_27/issue_reproducible/tmp/floorplan/6-pdn.odb): 'utf-8' codec can't decode byte 0xb9 in position 16: invalid start byte
2023-10-25 20:35:26 - [ERROR] - SPDX COMPLIANCE FILE UNICODE DECODE EXCEPTION in (/home/bignixon/unic-cass/caravel_tutorial/caravel_user_project/openlane/user_proj_example/runs/23_10_19_16_27/results/floorplan/user_proj_example.odb): 'utf-8' codec can't decode byte 0xb9 in position 16: invalid start byte
2023-10-25 20:35:26 - [ERROR] - SPDX COMPLIANCE FILE UNICODE DECODE EXCEPTION in (/home/bignixon/unic-cass/caravel_tutorial/caravel_user_project/openlane/user_proj_example/runs/23_10_19_16_27/tmp/floorplan/3-initial_fp.odb): 'utf-8' codec can't decode byte 0xb9 in position 16: invalid start byte
2023-10-25 20:35:26 - [ERROR] - SPDX COMPLIANCE FILE UNICODE DECODE EXCEPTION in (/home/bignixon/unic-cass/caravel_tutorial/caravel_user_project/openlane/user_proj_example/runs/23_10_19_16_27/tmp/floorplan/4-io.odb): 'utf-8' codec can't decode byte 0xb9 in position 16: invalid start byte
2023-10-25 20:35:26 - [ERROR] - SPDX COMPLIANCE FILE UNICODE DECODE EXCEPTION in (/home/bignixon/unic-cass/caravel_tutorial/caravel_user_project/openlane/user_proj_example/runs/23_10_19_16_27/tmp/floorplan/6-pdn.odb): 'utf-8' codec can't decode byte 0xb9 in position 16: invalid start byte
2023-10-25 20:35:27 - [ERROR] - SPDX COMPLIANCE FILE UNICODE DECODE EXCEPTION in (/home/bignixon/unic-cass/caravel_tutorial/caravel_user_project/openlane/user_proj_example/runs/23_10_19_16_26/tmp/floorplan/3-initial_fp.odb): 'utf-8' codec can't decode byte 0xb9 in position 16: invalid start byte
2023-10-25 20:35:30 - [ERROR] - SPDX COMPLIANCE FILE UNICODE DECODE EXCEPTION in (/home/bignixon/unic-cass/caravel_tutorial/caravel_user_project/openlane/user_proj_example/runs/23_10_23_15_26/issue_reproducible/tmp/cts/11-user_proj_example.resized.odb): 'utf-8' codec can't decode byte 0xb9 in position 16: invalid start byte
2023-10-25 20:35:30 - [ERROR] - SPDX COMPLIANCE FILE UNICODE DECODE EXCEPTION in (/home/bignixon/unic-cass/caravel_tutorial/caravel_user_project/openlane/user_proj_example/runs/23_10_23_15_26/results/floorplan/user_proj_example.odb): 'utf-8' codec can't decode byte 0xb9 in position 16: invalid start byte
2023-10-25 20:35:30 - [ERROR] - SPDX COMPLIANCE FILE UNICODE DECODE EXCEPTION in (/home/bignixon/unic-cass/caravel_tutorial/caravel_user_project/openlane/user_proj_example/runs/23_10_23_15_26/results/cts/user_proj_example.odb): 'utf-8' codec can't decode byte 0xb9 in position 16: invalid start byte
2023-10-25 20:35:30 - [ERROR] - SPDX COMPLIANCE FILE UNICODE DECODE EXCEPTION in (/home/bignixon/unic-cass/caravel_tutorial/caravel_user_project/openlane/user_proj_example/runs/23_10_23_15_26/results/placement/user_proj_example.odb): 'utf-8' codec can't decode byte 0xb9 in position 16: invalid start byte
2023-10-25 20:35:31 - [ERROR] - SPDX COMPLIANCE FILE UNICODE DECODE EXCEPTION in (/home/bignixon/unic-cass/caravel_tutorial/caravel_user_project/openlane/user_proj_example/runs/23_10_23_15_26/tmp/floorplan/3-initial_fp.odb): 'utf-8' codec can't decode byte 0xb9 in position 16: invalid start byte
2023-10-25 20:35:31 - [ERROR] - SPDX COMPLIANCE FILE UNICODE DECODE EXCEPTION in (/home/bignixon/unic-cass/caravel_tutorial/caravel_user_project/openlane/user_proj_example/runs/23_10_23_15_26/tmp/floorplan/4-io.odb): 'utf-8' codec can't decode byte 0xb9 in position 16: invalid start byte
2023-10-25 20:35:31 - [ERROR] - SPDX COMPLIANCE FILE UNICODE DECODE EXCEPTION in (/home/bignixon/unic-cass/caravel_tutorial/caravel_user_project/openlane/user_proj_example/runs/23_10_23_15_26/tmp/floorplan/6-pdn.odb): 'utf-8' codec can't decode byte 0xb9 in position 16: invalid start byte
2023-10-25 20:35:31 - [ERROR] - SPDX COMPLIANCE FILE UNICODE DECODE EXCEPTION in (/home/bignixon/unic-cass/caravel_tutorial/caravel_user_project/openlane/user_proj_example/runs/23_10_23_15_26/tmp/cts/11-user_proj_example.resized.odb): 'utf-8' codec can't decode byte 0xb9 in position 16: invalid start byte
2023-10-25 20:35:31 - [ERROR] - SPDX COMPLIANCE FILE UNICODE DECODE EXCEPTION in (/home/bignixon/unic-cass/caravel_tutorial/caravel_user_project/openlane/user_proj_example/runs/23_10_23_15_26/tmp/placement/7-global.odb): 'utf-8' codec can't decode byte 0xb9 in position 16: invalid start byte
2023-10-25 20:35:31 - [ERROR] - SPDX COMPLIANCE FILE UNICODE DECODE EXCEPTION in (/home/bignixon/unic-cass/caravel_tutorial/caravel_user_project/openlane/user_proj_example/runs/23_10_23_15_26/tmp/placement/8-resizer.odb): 'utf-8' codec can't decode byte 0xb9 in position 16: invalid start byte
2023-10-25 20:35:33 - [WARNING] - {{SPDX COMPLIANCE CHECK FAILED}} Found 4037 non-compliant file(s) with the SPDX Standard.
2023-10-25 20:35:33 - [INFO] - SPDX COMPLIANCE: NON-COMPLIANT FILE(S) PREVIEW: ['/home/bignixon/unic-cass/caravel_tutorial/caravel_user_project/venv/lib/python3.10/site-packages/distutils-precedence.pth', '/home/bignixon/unic-cass/caravel_tutorial/caravel_user_project/venv/lib/python3.10/site-packages/charset_normalizer-3.3.0.dist-info/METADATA', '/home/bignixon/unic-cass/caravel_tutorial/caravel_user_project/venv/lib/python3.10/site-packages/charset_normalizer-3.3.0.dist-info/WHEEL', '/home/bignixon/unic-cass/caravel_tutorial/caravel_user_project/venv/lib/python3.10/site-packages/charset_normalizer-3.3.0.dist-info/RECORD', '/home/bignixon/unic-cass/caravel_tutorial/caravel_user_project/venv/lib/python3.10/site-packages/charset_normalizer-3.3.0.dist-info/INSTALLER', '/home/bignixon/unic-cass/caravel_tutorial/caravel_user_project/venv/lib/python3.10/site-packages/PyYAML-6.0.1.dist-info/METADATA', '/home/bignixon/unic-cass/caravel_tutorial/caravel_user_project/venv/lib/python3.10/site-packages/PyYAML-6.0.1.dist-info/WHEEL', '/home/bignixon/unic-cass/caravel_tutorial/caravel_user_project/venv/lib/python3.10/site-packages/PyYAML-6.0.1.dist-info/RECORD', '/home/bignixon/unic-cass/caravel_tutorial/caravel_user_project/venv/lib/python3.10/site-packages/PyYAML-6.0.1.dist-info/INSTALLER', '/home/bignixon/unic-cass/caravel_tutorial/caravel_user_project/venv/lib/python3.10/site-packages/click-8.1.7.dist-info/LICENSE.rst', '/home/bignixon/unic-cass/caravel_tutorial/caravel_user_project/venv/lib/python3.10/site-packages/click-8.1.7.dist-info/METADATA', '/home/bignixon/unic-cass/caravel_tutorial/caravel_user_project/venv/lib/python3.10/site-packages/click-8.1.7.dist-info/WHEEL', '/home/bignixon/unic-cass/caravel_tutorial/caravel_user_project/venv/lib/python3.10/site-packages/click-8.1.7.dist-info/RECORD', '/home/bignixon/unic-cass/caravel_tutorial/caravel_user_project/venv/lib/python3.10/site-packages/click-8.1.7.dist-info/INSTALLER', '/home/bignixon/unic-cass/caravel_tutorial/caravel_user_project/venv/lib/python3.10/site-packages/setuptools-59.6.0.dist-info/METADATA']
2023-10-25 20:35:33 - [INFO] - For the full SPDX compliance report check: /home/bignixon/unic-cass/caravel_tutorial/caravel_user_project/precheck_results/25_OCT_2023___20_33_34/logs/spdx_compliance_report.log
2023-10-25 20:35:33 - [INFO] - {{STEP UPDATE}} Executing Check 2 of 14: Makefile
2023-10-25 20:35:33 - [INFO] - {{MAKEFILE CHECK PASSED}} Makefile valid.
2023-10-25 20:35:33 - [INFO] - {{STEP UPDATE}} Executing Check 3 of 14: Default
2023-10-25 20:35:33 - [WARNING] - The provided 'README.md' is identical to the default 'README.md'
2023-10-25 20:35:33 - [WARNING] - {{README DEFAULT CHECK FAILED}} Project 'README.md' was not modified and is identical to the default 'README.md'
2023-10-25 20:35:34 - [INFO] - {{CONTENT DEFAULT CHECK PASSED}} Project 'gds' was modified and is not identical to the default 'gds'
2023-10-25 20:35:34 - [INFO] - {{STEP UPDATE}} Executing Check 4 of 14: Documentation
2023-10-25 20:35:35 - [INFO] - {{DOCUMENTATION CHECK PASSED}} Project documentation is appropriate.
2023-10-25 20:35:35 - [INFO] - {{STEP UPDATE}} Executing Check 5 of 14: Consistency
2023-10-25 20:35:43 - [INFO] - PORTS CHECK PASSED: Netlist user_project_wrapper ports match the golden wrapper ports
2023-10-25 20:35:43 - [INFO] - COMPLEXITY CHECK PASSED: Netlist user_project_wrapper contains at least 1 instances (1 instances). 
2023-10-25 20:35:43 - [INFO] - MODELING CHECK PASSED: Netlist user_project_wrapper is structural.
2023-10-25 20:35:43 - [INFO] - LAYOUT CHECK PASSED: The GDS layout for user_project_wrapper matches the provided structural netlist.
2023-10-25 20:35:43 - [INFO] - POWER CONNECTIONS CHECK PASSED: All instances in user_project_wrapper are connected to power
2023-10-25 20:35:43 - [INFO] - PORT TYPES CHECK PASSED: Netlist user_project_wrapper port types match the golden wrapper port types.
2023-10-25 20:35:43 - [INFO] - {{NETLIST CONSISTENCY CHECK PASSED}} user_project_wrapper netlist passed all consistency checks.
2023-10-25 20:35:44 - [INFO] - {{CONSISTENCY CHECK PASSED}} The user netlist and the top netlist are valid.
2023-10-25 20:35:44 - [INFO] - {{STEP UPDATE}} Executing Check 6 of 14: GPIO-Defines
2023-10-25 20:35:44 - [INFO] - GPIO-DEFINES: Checking verilog/rtl/user_defines.v, parsing files: ['/home/bignixon/mpw_precheck/checks/gpio_defines_check/verilog_assets/gpio_modes_base.v', '/home/bignixon/unic-cass/caravel_tutorial/caravel_user_project/verilog/rtl/user_defines.v', '/home/bignixon/mpw_precheck/checks/gpio_defines_check/verilog_assets/gpio_modes_observe.v']
2023-10-25 20:35:45 - [INFO] - GPIO-DEFINES report path: /home/bignixon/unic-cass/caravel_tutorial/caravel_user_project/precheck_results/25_OCT_2023___20_33_34/outputs/reports/gpio_defines.report
2023-10-25 20:35:45 - [INFO] - {{GPIO-DEFINES CHECK PASSED}} The user verilog/rtl/user_defines.v is valid.
2023-10-25 20:35:45 - [INFO] - {{STEP UPDATE}} Executing Check 7 of 14: XOR
2023-10-25 20:36:54 - [INFO] - {{XOR CHECK UPDATE}} Total XOR differences: 0, for more details view /home/bignixon/unic-cass/caravel_tutorial/caravel_user_project/precheck_results/25_OCT_2023___20_33_34/outputs/user_project_wrapper.xor.gds
2023-10-25 20:36:54 - [INFO] - {{XOR CHECK PASSED}} The GDS file has no XOR violations.
2023-10-25 20:36:54 - [INFO] - {{STEP UPDATE}} Executing Check 8 of 14: Magic DRC
2023-10-25 21:23:10 - [INFO] - 0 DRC violations
2023-10-25 21:23:10 - [INFO] - {{MAGIC DRC CHECK PASSED}} The GDS file, user_project_wrapper.gds, has no DRC violations.
2023-10-25 21:23:10 - [INFO] - {{STEP UPDATE}} Executing Check 9 of 14: Klayout FEOL
2023-10-25 21:23:10 - [INFO] - in CUSTOM klayout_gds_drc_check
2023-10-25 21:23:10 - [INFO] - run: klayout -b -r /home/bignixon/mpw_precheck/checks/tech-files/sky130A_mr.drc -rd input=/home/bignixon/unic-cass/caravel_tutorial/caravel_user_project/gds/user_project_wrapper.gds -rd topcell=user_project_wrapper -rd report=/home/bignixon/unic-cass/caravel_tutorial/caravel_user_project/precheck_results/25_OCT_2023___20_33_34/outputs/reports/klayout_feol_check.xml -rd feol=true >& /home/bignixon/unic-cass/caravel_tutorial/caravel_user_project/precheck_results/25_OCT_2023___20_33_34/logs/klayout_feol_check.log
2023-10-25 21:26:07 - [INFO] - No DRC Violations found
2023-10-25 21:26:07 - [INFO] - {{Klayout FEOL CHECK PASSED}} The GDS file, user_project_wrapper.gds, has no DRC violations.
2023-10-25 21:26:07 - [INFO] - {{STEP UPDATE}} Executing Check 10 of 14: Klayout BEOL
2023-10-25 21:26:07 - [INFO] - in CUSTOM klayout_gds_drc_check
2023-10-25 21:26:07 - [INFO] - run: klayout -b -r /home/bignixon/mpw_precheck/checks/tech-files/sky130A_mr.drc -rd input=/home/bignixon/unic-cass/caravel_tutorial/caravel_user_project/gds/user_project_wrapper.gds -rd topcell=user_project_wrapper -rd report=/home/bignixon/unic-cass/caravel_tutorial/caravel_user_project/precheck_results/25_OCT_2023___20_33_34/outputs/reports/klayout_beol_check.xml -rd beol=true >& /home/bignixon/unic-cass/caravel_tutorial/caravel_user_project/precheck_results/25_OCT_2023___20_33_34/logs/klayout_beol_check.log
